This is pdfTeX, Version 3.14159265-2.6-1.40.17 (MiKTeX 2.9.6210 64-bit) (preloaded format=pdflatex 2017.1.9)  20 APR 2017 12:30
entering extended mode
**./vlah_chapter2_draft.tex
(vlah_chapter2_draft.tex
LaTeX2e <2016/03/31> patch level 3
Babel <3.9r> and hyphenation patterns for 76 language(s) loaded.
("C:\Program Files\MiKTeX 2.9\tex\latex\base\article.cls"
Document Class: article 2014/09/29 v1.4h Standard LaTeX document class
("C:\Program Files\MiKTeX 2.9\tex\latex\base\size10.clo"
File: size10.clo 2014/09/29 v1.4h Standard LaTeX file (size option)
)
\c@part=\count79
\c@section=\count80
\c@subsection=\count81
\c@subsubsection=\count82
\c@paragraph=\count83
\c@subparagraph=\count84
\c@figure=\count85
\c@table=\count86
\abovecaptionskip=\skip41
\belowcaptionskip=\skip42
\bibindent=\dimen102
)
("C:\Program Files\MiKTeX 2.9\tex\latex\graphics\color.sty"
Package: color 2016/07/10 v1.1e Standard LaTeX Color (DPC)

("C:\Program Files\MiKTeX 2.9\tex\latex\graphics-cfg\color.cfg"
File: color.cfg 2016/01/02 v1.6 sample color configuration
)
Package color Info: Driver file: pdftex.def on input line 147.

("C:\Program Files\MiKTeX 2.9\tex\latex\graphics-def\pdftex.def"
File: pdftex.def 2016/07/10 v0.06j Graphics/color for pdfTeX

("C:\Program Files\MiKTeX 2.9\tex\generic\oberdiek\infwarerr.sty"
Package: infwarerr 2016/05/16 v1.4 Providing info/warning/error messages (HO)
)
("C:\Program Files\MiKTeX 2.9\tex\generic\oberdiek\ltxcmds.sty"
Package: ltxcmds 2016/05/16 v1.23 LaTeX kernel commands for general use (HO)
)
\Gread@gobject=\count87
))
("C:\Program Files\MiKTeX 2.9\tex\latex\listings\listings.sty"
("C:\Program Files\MiKTeX 2.9\tex\latex\graphics\keyval.sty"
Package: keyval 2014/10/28 v1.15 key=value parser (DPC)
\KV@toks@=\toks14
)
\lst@mode=\count88
\lst@gtempboxa=\box26
\lst@token=\toks15
\lst@length=\count89
\lst@currlwidth=\dimen103
\lst@column=\count90
\lst@pos=\count91
\lst@lostspace=\dimen104
\lst@width=\dimen105
\lst@newlines=\count92
\lst@lineno=\count93
\lst@maxwidth=\dimen106

("C:\Program Files\MiKTeX 2.9\tex\latex\listings\lstmisc.sty"
File: lstmisc.sty 2015/06/04 1.6 (Carsten Heinz)
\c@lstnumber=\count94
\lst@skipnumbers=\count95
\lst@framebox=\box27
)
("C:\Program Files\MiKTeX 2.9\tex\latex\listings\listings.cfg"
File: listings.cfg 2015/06/04 1.6 listings configuration
))
Package: listings 2015/06/04 1.6 (Carsten Heinz)

("C:\Program Files\MiKTeX 2.9\tex\latex\tools\bm.sty"
Package: bm 2016/07/07 v1.2b Bold Symbol Support (DPC/FMi)
\symboldoperators=\mathgroup4
\symboldletters=\mathgroup5
\symboldsymbols=\mathgroup6
LaTeX Font Info:    Redeclaring math alphabet \mathbf on input line 142.
LaTeX Info: Redefining \bm on input line 208.
)
("C:\Program Files\MiKTeX 2.9\tex\latex\amsmath\amsmath.sty"
Package: amsmath 2016/06/28 v2.15d AMS math features
\@mathmargin=\skip43

For additional information on amsmath, use the `?' option.
("C:\Program Files\MiKTeX 2.9\tex\latex\amsmath\amstext.sty"
Package: amstext 2000/06/29 v2.01 AMS text

("C:\Program Files\MiKTeX 2.9\tex\latex\amsmath\amsgen.sty"
File: amsgen.sty 1999/11/30 v2.0 generic functions
\@emptytoks=\toks16
\ex@=\dimen107
))
("C:\Program Files\MiKTeX 2.9\tex\latex\amsmath\amsbsy.sty"
Package: amsbsy 1999/11/29 v1.2d Bold Symbols
LaTeX Info: Redefining \boldsymbol on input line 28.
\pmbraise@=\dimen108
)
("C:\Program Files\MiKTeX 2.9\tex\latex\amsmath\amsopn.sty"
Package: amsopn 2016/03/08 v2.02 operator names
)
\inf@bad=\count96
LaTeX Info: Redefining \frac on input line 199.
\uproot@=\count97
\leftroot@=\count98
LaTeX Info: Redefining \overline on input line 297.
\classnum@=\count99
\DOTSCASE@=\count100
LaTeX Info: Redefining \ldots on input line 394.
LaTeX Info: Redefining \dots on input line 397.
LaTeX Info: Redefining \cdots on input line 518.
\Mathstrutbox@=\box28
\strutbox@=\box29
\big@size=\dimen109
LaTeX Font Info:    Redeclaring font encoding OML on input line 634.
LaTeX Font Info:    Redeclaring font encoding OMS on input line 635.
\macc@depth=\count101
\c@MaxMatrixCols=\count102
\dotsspace@=\muskip10
\c@parentequation=\count103
\dspbrk@lvl=\count104
\tag@help=\toks17
\row@=\count105
\column@=\count106
\maxfields@=\count107
\andhelp@=\toks18
\eqnshift@=\dimen110
\alignsep@=\dimen111
\tagshift@=\dimen112
\tagwidth@=\dimen113
\totwidth@=\dimen114
\lineht@=\dimen115
\@envbody=\toks19
\multlinegap=\skip44
\multlinetaggap=\skip45
\mathdisplay@stack=\toks20
LaTeX Info: Redefining \[ on input line 2739.
LaTeX Info: Redefining \] on input line 2740.
)
("C:\Program Files\MiKTeX 2.9\tex\latex\blkarray\blkarray.sty"
Package: blkarray 2015/02/27 v0.07 Block array (dpc)
\c@BAenumi=\count108
\BA@col=\count109
\BA@block@cnt=\count110
\BA@final@box=\box30
\BA@first@box=\box31
\BA@colsep=\dimen116
\BA@ftn=\toks21
\BAextrarowheight=\dimen117
\BAextraheightafterhline=\dimen118
\BAarrayrulewidth=\dimen119
\BAdoublerulesep=\dimen120
\BAfootskip=\dimen121
\BA@dashbox=\box32
\BA@ddashbox=\box33
)
("C:\Program Files\MiKTeX 2.9\tex\latex\was\gensymb.sty"
Package: gensymb 2003/07/02 v1.0 (WaS)
)
("C:\Program Files\MiKTeX 2.9\tex\latex\pdfpages\pdfpages.sty"
Package: pdfpages 2016/12/11 v0.5g Insert pages of external PDF documents (AM)

("C:\Program Files\MiKTeX 2.9\tex\latex\base\ifthen.sty"
Package: ifthen 2014/09/29 v1.1c Standard LaTeX ifthen package (DPC)
)
("C:\Program Files\MiKTeX 2.9\tex\latex\tools\calc.sty"
Package: calc 2014/10/28 v4.3 Infix arithmetic (KKT,FJ)
\calc@Acount=\count111
\calc@Bcount=\count112
\calc@Adimen=\dimen122
\calc@Bdimen=\dimen123
\calc@Askip=\skip46
\calc@Bskip=\skip47
LaTeX Info: Redefining \setlength on input line 80.
LaTeX Info: Redefining \addtolength on input line 81.
\calc@Ccount=\count113
\calc@Cskip=\skip48
)
("C:\Program Files\MiKTeX 2.9\tex\latex\eso-pic\eso-pic.sty"
Package: eso-pic 2015/07/21 v2.0g eso-pic (RN)

("C:\Program Files\MiKTeX 2.9\tex\generic\oberdiek\atbegshi.sty"
Package: atbegshi 2016/06/09 v1.18 At begin shipout hook (HO)

("C:\Program Files\MiKTeX 2.9\tex\generic\oberdiek\ifpdf.sty"
Package: ifpdf 2016/05/14 v3.1 Provides the ifpdf switch
)))
("C:\Program Files\MiKTeX 2.9\tex\latex\graphics\graphicx.sty"
Package: graphicx 2014/10/28 v1.0g Enhanced LaTeX Graphics (DPC,SPQR)

("C:\Program Files\MiKTeX 2.9\tex\latex\graphics\graphics.sty"
Package: graphics 2016/07/10 v1.0t Standard LaTeX Graphics (DPC,SPQR)

("C:\Program Files\MiKTeX 2.9\tex\latex\graphics\trig.sty"
Package: trig 2016/01/03 v1.10 sin cos tan (DPC)
)
("C:\Program Files\MiKTeX 2.9\tex\latex\graphics-cfg\graphics.cfg"
File: graphics.cfg 2016/06/04 v1.11 sample graphics configuration
)
Package graphics Info: Driver file: pdftex.def on input line 99.
)
\Gin@req@height=\dimen124
\Gin@req@width=\dimen125
)
\AM@pagewidth=\dimen126
\AM@pageheight=\dimen127

("C:\Program Files\MiKTeX 2.9\tex\latex\pdfpages\pppdftex.def"
File: pppdftex.def 2016/12/11 v0.5g Pdfpages driver for pdfTeX (AM)
)
\AM@pagebox=\box34
\AM@global@opts=\toks22
\AM@toc@title=\toks23
\c@AM@survey=\count114
\AM@templatesizebox=\box35
)
("C:\Program Files\MiKTeX 2.9\tex\latex\pgf\frontendlayer\tikz.sty"
("C:\Program Files\MiKTeX 2.9\tex\latex\pgf\basiclayer\pgf.sty"
("C:\Program Files\MiKTeX 2.9\tex\latex\pgf\utilities\pgfrcs.sty"
("C:\Program Files\MiKTeX 2.9\tex\generic\pgf\utilities\pgfutil-common.tex"
\pgfutil@everybye=\toks24
\pgfutil@tempdima=\dimen128
\pgfutil@tempdimb=\dimen129

("C:\Program Files\MiKTeX 2.9\tex\generic\pgf\utilities\pgfutil-common-lists.te
x")) ("C:\Program Files\MiKTeX 2.9\tex\generic\pgf\utilities\pgfutil-latex.def"
\pgfutil@abb=\box36
("C:\Program Files\MiKTeX 2.9\tex\latex\ms\everyshi.sty"
Package: everyshi 2001/05/15 v3.00 EveryShipout Package (MS)
))
("C:\Program Files\MiKTeX 2.9\tex\generic\pgf\utilities\pgfrcs.code.tex"
Package: pgfrcs 2015/08/07 v3.0.1a (rcs-revision 1.31)
))
Package: pgf 2015/08/07 v3.0.1a (rcs-revision 1.15)

("C:\Program Files\MiKTeX 2.9\tex\latex\pgf\basiclayer\pgfcore.sty"
("C:\Program Files\MiKTeX 2.9\tex\latex\pgf\systemlayer\pgfsys.sty"
("C:\Program Files\MiKTeX 2.9\tex\generic\pgf\systemlayer\pgfsys.code.tex"
Package: pgfsys 2014/07/09 v3.0.1a (rcs-revision 1.48)

("C:\Program Files\MiKTeX 2.9\tex\generic\pgf\utilities\pgfkeys.code.tex"
\pgfkeys@pathtoks=\toks25
\pgfkeys@temptoks=\toks26

("C:\Program Files\MiKTeX 2.9\tex\generic\pgf\utilities\pgfkeysfiltered.code.te
x"
\pgfkeys@tmptoks=\toks27
))
\pgf@x=\dimen130
\pgf@y=\dimen131
\pgf@xa=\dimen132
\pgf@ya=\dimen133
\pgf@xb=\dimen134
\pgf@yb=\dimen135
\pgf@xc=\dimen136
\pgf@yc=\dimen137
\w@pgf@writea=\write3
\r@pgf@reada=\read1
\c@pgf@counta=\count115
\c@pgf@countb=\count116
\c@pgf@countc=\count117
\c@pgf@countd=\count118
\t@pgf@toka=\toks28
\t@pgf@tokb=\toks29
\t@pgf@tokc=\toks30
 ("C:\Program Files\MiKTeX 2.9\tex\generic\pgf\systemlayer\pgf.cfg"
File: pgf.cfg 2008/05/14  (rcs-revision 1.7)
)
Driver file for pgf: pgfsys-pdftex.def

("C:\Program Files\MiKTeX 2.9\tex\generic\pgf\systemlayer\pgfsys-pdftex.def"
File: pgfsys-pdftex.def 2014/10/11  (rcs-revision 1.35)

("C:\Program Files\MiKTeX 2.9\tex\generic\pgf\systemlayer\pgfsys-common-pdf.def
"
File: pgfsys-common-pdf.def 2013/10/10  (rcs-revision 1.13)
)))
("C:\Program Files\MiKTeX 2.9\tex\generic\pgf\systemlayer\pgfsyssoftpath.code.t
ex"
File: pgfsyssoftpath.code.tex 2013/09/09  (rcs-revision 1.9)
\pgfsyssoftpath@smallbuffer@items=\count119
\pgfsyssoftpath@bigbuffer@items=\count120
)
("C:\Program Files\MiKTeX 2.9\tex\generic\pgf\systemlayer\pgfsysprotocol.code.t
ex"
File: pgfsysprotocol.code.tex 2006/10/16  (rcs-revision 1.4)
)) ("C:\Program Files\MiKTeX 2.9\tex\latex\xcolor\xcolor.sty"
Package: xcolor 2016/05/11 v2.12 LaTeX color extensions (UK)

("C:\Program Files\MiKTeX 2.9\tex\latex\graphics-cfg\color.cfg"
File: color.cfg 2016/01/02 v1.6 sample color configuration
)
Package xcolor Info: Driver file: pdftex.def on input line 225.
LaTeX Info: Redefining \color on input line 709.
Package xcolor Info: Model `cmy' substituted by `cmy0' on input line 1348.
Package xcolor Info: Model `hsb' substituted by `rgb' on input line 1352.
Package xcolor Info: Model `RGB' extended on input line 1364.
Package xcolor Info: Model `HTML' substituted by `rgb' on input line 1366.
Package xcolor Info: Model `Hsb' substituted by `hsb' on input line 1367.
Package xcolor Info: Model `tHsb' substituted by `hsb' on input line 1368.
Package xcolor Info: Model `HSB' substituted by `hsb' on input line 1369.
Package xcolor Info: Model `Gray' substituted by `gray' on input line 1370.
Package xcolor Info: Model `wave' substituted by `hsb' on input line 1371.
)
("C:\Program Files\MiKTeX 2.9\tex\generic\pgf\basiclayer\pgfcore.code.tex"
Package: pgfcore 2010/04/11 v3.0.1a (rcs-revision 1.7)

("C:\Program Files\MiKTeX 2.9\tex\generic\pgf\math\pgfmath.code.tex"
("C:\Program Files\MiKTeX 2.9\tex\generic\pgf\math\pgfmathcalc.code.tex"
("C:\Program Files\MiKTeX 2.9\tex\generic\pgf\math\pgfmathutil.code.tex")
("C:\Program Files\MiKTeX 2.9\tex\generic\pgf\math\pgfmathparser.code.tex"
\pgfmath@dimen=\dimen138
\pgfmath@count=\count121
\pgfmath@box=\box37
\pgfmath@toks=\toks31
\pgfmath@stack@operand=\toks32
\pgfmath@stack@operation=\toks33
)
("C:\Program Files\MiKTeX 2.9\tex\generic\pgf\math\pgfmathfunctions.code.tex"
("C:\Program Files\MiKTeX 2.9\tex\generic\pgf\math\pgfmathfunctions.basic.code.
tex")
("C:\Program Files\MiKTeX 2.9\tex\generic\pgf\math\pgfmathfunctions.trigonometr
ic.code.tex")
("C:\Program Files\MiKTeX 2.9\tex\generic\pgf\math\pgfmathfunctions.random.code
.tex")
("C:\Program Files\MiKTeX 2.9\tex\generic\pgf\math\pgfmathfunctions.comparison.
code.tex")
("C:\Program Files\MiKTeX 2.9\tex\generic\pgf\math\pgfmathfunctions.base.code.t
ex")
("C:\Program Files\MiKTeX 2.9\tex\generic\pgf\math\pgfmathfunctions.round.code.
tex")
("C:\Program Files\MiKTeX 2.9\tex\generic\pgf\math\pgfmathfunctions.misc.code.t
ex")
("C:\Program Files\MiKTeX 2.9\tex\generic\pgf\math\pgfmathfunctions.integerarit
hmetics.code.tex")))
("C:\Program Files\MiKTeX 2.9\tex\generic\pgf\math\pgfmathfloat.code.tex"
\c@pgfmathroundto@lastzeros=\count122
))
("C:\Program Files\MiKTeX 2.9\tex\generic\pgf\basiclayer\pgfcorepoints.code.tex
"
File: pgfcorepoints.code.tex 2013/10/07  (rcs-revision 1.27)
\pgf@picminx=\dimen139
\pgf@picmaxx=\dimen140
\pgf@picminy=\dimen141
\pgf@picmaxy=\dimen142
\pgf@pathminx=\dimen143
\pgf@pathmaxx=\dimen144
\pgf@pathminy=\dimen145
\pgf@pathmaxy=\dimen146
\pgf@xx=\dimen147
\pgf@xy=\dimen148
\pgf@yx=\dimen149
\pgf@yy=\dimen150
\pgf@zx=\dimen151
\pgf@zy=\dimen152
)
("C:\Program Files\MiKTeX 2.9\tex\generic\pgf\basiclayer\pgfcorepathconstruct.c
ode.tex"
File: pgfcorepathconstruct.code.tex 2013/10/07  (rcs-revision 1.29)
\pgf@path@lastx=\dimen153
\pgf@path@lasty=\dimen154
)
("C:\Program Files\MiKTeX 2.9\tex\generic\pgf\basiclayer\pgfcorepathusage.code.
tex"
File: pgfcorepathusage.code.tex 2014/11/02  (rcs-revision 1.24)
\pgf@shorten@end@additional=\dimen155
\pgf@shorten@start@additional=\dimen156
)
("C:\Program Files\MiKTeX 2.9\tex\generic\pgf\basiclayer\pgfcorescopes.code.tex
"
File: pgfcorescopes.code.tex 2015/05/08  (rcs-revision 1.46)
\pgfpic=\box38
\pgf@hbox=\box39
\pgf@layerbox@main=\box40
\pgf@picture@serial@count=\count123
)
("C:\Program Files\MiKTeX 2.9\tex\generic\pgf\basiclayer\pgfcoregraphicstate.co
de.tex"
File: pgfcoregraphicstate.code.tex 2014/11/02  (rcs-revision 1.12)
\pgflinewidth=\dimen157
)
("C:\Program Files\MiKTeX 2.9\tex\generic\pgf\basiclayer\pgfcoretransformations
.code.tex"
File: pgfcoretransformations.code.tex 2015/08/07  (rcs-revision 1.20)
\pgf@pt@x=\dimen158
\pgf@pt@y=\dimen159
\pgf@pt@temp=\dimen160
)
("C:\Program Files\MiKTeX 2.9\tex\generic\pgf\basiclayer\pgfcorequick.code.tex"
File: pgfcorequick.code.tex 2008/10/09  (rcs-revision 1.3)
)
("C:\Program Files\MiKTeX 2.9\tex\generic\pgf\basiclayer\pgfcoreobjects.code.te
x"
File: pgfcoreobjects.code.tex 2006/10/11  (rcs-revision 1.2)
)
("C:\Program Files\MiKTeX 2.9\tex\generic\pgf\basiclayer\pgfcorepathprocessing.
code.tex"
File: pgfcorepathprocessing.code.tex 2013/09/09  (rcs-revision 1.9)
)
("C:\Program Files\MiKTeX 2.9\tex\generic\pgf\basiclayer\pgfcorearrows.code.tex
"
File: pgfcorearrows.code.tex 2015/05/14  (rcs-revision 1.43)
\pgfarrowsep=\dimen161
)
("C:\Program Files\MiKTeX 2.9\tex\generic\pgf\basiclayer\pgfcoreshade.code.tex"
File: pgfcoreshade.code.tex 2013/07/15  (rcs-revision 1.15)
\pgf@max=\dimen162
\pgf@sys@shading@range@num=\count124
) ("C:\Program Files\MiKTeX 2.9\tex\generic\pgf\basiclayer\pgfcoreimage.code.te
x"
File: pgfcoreimage.code.tex 2013/07/15  (rcs-revision 1.18)

("C:\Program Files\MiKTeX 2.9\tex\generic\pgf\basiclayer\pgfcoreexternal.code.t
ex"
File: pgfcoreexternal.code.tex 2014/07/09  (rcs-revision 1.21)
\pgfexternal@startupbox=\box41
))
("C:\Program Files\MiKTeX 2.9\tex\generic\pgf\basiclayer\pgfcorelayers.code.tex
"
File: pgfcorelayers.code.tex 2013/07/18  (rcs-revision 1.7)
)
("C:\Program Files\MiKTeX 2.9\tex\generic\pgf\basiclayer\pgfcoretransparency.co
de.tex"
File: pgfcoretransparency.code.tex 2013/09/30  (rcs-revision 1.5)
)
("C:\Program Files\MiKTeX 2.9\tex\generic\pgf\basiclayer\pgfcorepatterns.code.t
ex"
File: pgfcorepatterns.code.tex 2013/11/07  (rcs-revision 1.5)
)))
("C:\Program Files\MiKTeX 2.9\tex\generic\pgf\modules\pgfmoduleshapes.code.tex"
File: pgfmoduleshapes.code.tex 2014/03/21  (rcs-revision 1.35)
\pgfnodeparttextbox=\box42
) ("C:\Program Files\MiKTeX 2.9\tex\generic\pgf\modules\pgfmoduleplot.code.tex"
File: pgfmoduleplot.code.tex 2015/08/03  (rcs-revision 1.13)
)
("C:\Program Files\MiKTeX 2.9\tex\latex\pgf\compatibility\pgfcomp-version-0-65.
sty"
Package: pgfcomp-version-0-65 2007/07/03 v3.0.1a (rcs-revision 1.7)
\pgf@nodesepstart=\dimen163
\pgf@nodesepend=\dimen164
)
("C:\Program Files\MiKTeX 2.9\tex\latex\pgf\compatibility\pgfcomp-version-1-18.
sty"
Package: pgfcomp-version-1-18 2007/07/23 v3.0.1a (rcs-revision 1.1)
)) ("C:\Program Files\MiKTeX 2.9\tex\latex\pgf\utilities\pgffor.sty"
("C:\Program Files\MiKTeX 2.9\tex\latex\pgf\utilities\pgfkeys.sty"
("C:\Program Files\MiKTeX 2.9\tex\generic\pgf\utilities\pgfkeys.code.tex"))
("C:\Program Files\MiKTeX 2.9\tex\latex\pgf\math\pgfmath.sty"
("C:\Program Files\MiKTeX 2.9\tex\generic\pgf\math\pgfmath.code.tex"))
("C:\Program Files\MiKTeX 2.9\tex\generic\pgf\utilities\pgffor.code.tex"
Package: pgffor 2013/12/13 v3.0.1a (rcs-revision 1.25)

("C:\Program Files\MiKTeX 2.9\tex\generic\pgf\math\pgfmath.code.tex")
\pgffor@iter=\dimen165
\pgffor@skip=\dimen166
\pgffor@stack=\toks34
\pgffor@toks=\toks35
))
("C:\Program Files\MiKTeX 2.9\tex\generic\pgf\frontendlayer\tikz\tikz.code.tex"
Package: tikz 2015/08/07 v3.0.1a (rcs-revision 1.151)

("C:\Program Files\MiKTeX 2.9\tex\generic\pgf\libraries\pgflibraryplothandlers.
code.tex"
File: pgflibraryplothandlers.code.tex 2013/08/31 v3.0.1a (rcs-revision 1.20)
\pgf@plot@mark@count=\count125
\pgfplotmarksize=\dimen167
)
\tikz@lastx=\dimen168
\tikz@lasty=\dimen169
\tikz@lastxsaved=\dimen170
\tikz@lastysaved=\dimen171
\tikzleveldistance=\dimen172
\tikzsiblingdistance=\dimen173
\tikz@figbox=\box43
\tikz@figbox@bg=\box44
\tikz@tempbox=\box45
\tikz@tempbox@bg=\box46
\tikztreelevel=\count126
\tikznumberofchildren=\count127
\tikznumberofcurrentchild=\count128
\tikz@fig@count=\count129

("C:\Program Files\MiKTeX 2.9\tex\generic\pgf\modules\pgfmodulematrix.code.tex"
File: pgfmodulematrix.code.tex 2013/09/17  (rcs-revision 1.8)
\pgfmatrixcurrentrow=\count130
\pgfmatrixcurrentcolumn=\count131
\pgf@matrix@numberofcolumns=\count132
)
\tikz@expandcount=\count133

("C:\Program Files\MiKTeX 2.9\tex\generic\pgf\frontendlayer\tikz\libraries\tikz
librarytopaths.code.tex"
File: tikzlibrarytopaths.code.tex 2008/06/17 v3.0.1a (rcs-revision 1.2)
)))
("C:\Program Files\MiKTeX 2.9\tex\latex\lineno\lineno.sty"
Package: lineno 2005/11/02 line numbers on paragraphs v4.41
\linenopenalty=\count134
\output=\toks36
\linenoprevgraf=\count135
\linenumbersep=\dimen174
\linenumberwidth=\dimen175
\c@linenumber=\count136
\c@pagewiselinenumber=\count137
\c@LN@truepage=\count138
\c@internallinenumber=\count139
\c@internallinenumbers=\count140
\quotelinenumbersep=\dimen176
\bframerule=\dimen177
\bframesep=\dimen178
\bframebox=\box47
LaTeX Info: Redefining \\ on input line 3056.
)
("C:\Program Files\MiKTeX 2.9\tex\latex\natbib\natbib.sty"
Package: natbib 2010/09/13 8.31b (PWD, AO)
\bibhang=\skip49
\bibsep=\skip50
LaTeX Info: Redefining \cite on input line 694.
\c@NAT@ctr=\count141
)
("C:\Program Files\MiKTeX 2.9\tex\latex\url\url.sty"
\Urlmuskip=\muskip11
Package: url 2013/09/16  ver 3.4  Verb mode for urls, etc.
)
("C:\Program Files\MiKTeX 2.9\tex\latex\csvsimple\csvsimple.sty"
Package: csvsimple 2016/07/01 version 1.20 LaTeX CSV file processing

("C:\Program Files\MiKTeX 2.9\tex\latex\etoolbox\etoolbox.sty"
Package: etoolbox 2017/01/02 v2.4 e-TeX tools for LaTeX (JAW)
\etb@tempcnta=\count142
)
("C:\Program Files\MiKTeX 2.9\tex\latex\tools\shellesc.sty"
Package: shellesc 2016/06/07 v0.02a unified shell escape interface for LaTeX
Package shellesc Info: Restricted shell escape enabled on input line 69.
)
\csv@file=\read2
\c@csvinputline=\count143
\c@csvrow=\count144
\c@csvcol=\count145
\csv@out=\write4
)
("C:\Program Files\MiKTeX 2.9\tex\latex\graphics\lscape.sty"
Package: lscape 2000/10/22 v3.01 Landscape Pages (DPC)
)
("C:\Program Files\MiKTeX 2.9\tex\latex\tools\longtable.sty"
Package: longtable 2014/10/28 v4.11 Multi-page Table package (DPC)
\LTleft=\skip51
\LTright=\skip52
\LTpre=\skip53
\LTpost=\skip54
\LTchunksize=\count146
\LTcapwidth=\dimen179
\LT@head=\box48
\LT@firsthead=\box49
\LT@foot=\box50
\LT@lastfoot=\box51
\LT@cols=\count147
\LT@rows=\count148
\c@LT@tables=\count149
\c@LT@chunks=\count150
\LT@p@ftn=\toks37
)
(vlah_chapter2_draft.aux)
\openout1 = `vlah_chapter2_draft.aux'.

LaTeX Font Info:    Checking defaults for OML/cmm/m/it on input line 24.
LaTeX Font Info:    ... okay on input line 24.
LaTeX Font Info:    Checking defaults for T1/cmr/m/n on input line 24.
LaTeX Font Info:    ... okay on input line 24.
LaTeX Font Info:    Checking defaults for OT1/cmr/m/n on input line 24.
LaTeX Font Info:    ... okay on input line 24.
LaTeX Font Info:    Checking defaults for OMS/cmsy/m/n on input line 24.
LaTeX Font Info:    ... okay on input line 24.
LaTeX Font Info:    Checking defaults for OMX/cmex/m/n on input line 24.
LaTeX Font Info:    ... okay on input line 24.
LaTeX Font Info:    Checking defaults for U/cmr/m/n on input line 24.
LaTeX Font Info:    ... okay on input line 24.

("C:\Program Files\MiKTeX 2.9\tex\context\base\supp-pdf.mkii"
[Loading MPS to PDF converter (version 2006.09.02).]
\scratchcounter=\count151
\scratchdimen=\dimen180
\scratchbox=\box52
\nofMPsegments=\count152
\nofMParguments=\count153
\everyMPshowfont=\toks38
\MPscratchCnt=\count154
\MPscratchDim=\dimen181
\MPnumerator=\count155
\makeMPintoPDFobject=\count156
\everyMPtoPDFconversion=\toks39
) ("C:\Program Files\MiKTeX 2.9\tex\generic\oberdiek\pdftexcmds.sty"
Package: pdftexcmds 2016/05/21 v0.22 Utility functions of pdfTeX for LuaTeX (HO
)

("C:\Program Files\MiKTeX 2.9\tex\generic\oberdiek\ifluatex.sty"
Package: ifluatex 2016/05/16 v1.4 Provides the ifluatex switch (HO)
Package ifluatex Info: LuaTeX not detected.
)
Package pdftexcmds Info: LuaTeX not detected.
Package pdftexcmds Info: \pdf@primitive is available.
Package pdftexcmds Info: \pdf@ifprimitive is available.
Package pdftexcmds Info: \pdfdraftmode found.
)
("C:\Program Files\MiKTeX 2.9\tex\latex\oberdiek\epstopdf-base.sty"
Package: epstopdf-base 2016/05/15 v2.6 Base part for package epstopdf

("C:\Program Files\MiKTeX 2.9\tex\latex\oberdiek\grfext.sty"
Package: grfext 2016/05/16 v1.2 Manage graphics extensions (HO)

("C:\Program Files\MiKTeX 2.9\tex\generic\oberdiek\kvdefinekeys.sty"
Package: kvdefinekeys 2016/05/16 v1.4 Define keys (HO)
))
("C:\Program Files\MiKTeX 2.9\tex\latex\oberdiek\kvoptions.sty"
Package: kvoptions 2016/05/16 v3.12 Key value format for package options (HO)

("C:\Program Files\MiKTeX 2.9\tex\generic\oberdiek\kvsetkeys.sty"
Package: kvsetkeys 2016/05/16 v1.17 Key value parser (HO)

("C:\Program Files\MiKTeX 2.9\tex\generic\oberdiek\etexcmds.sty"
Package: etexcmds 2016/05/16 v1.6 Avoid name clashes with e-TeX commands (HO)
Package etexcmds Info: Could not find \expanded.
(etexcmds)             That can mean that you are not using pdfTeX 1.50 or
(etexcmds)             that some package has redefined \expanded.
(etexcmds)             In the latter case, load this package earlier.
)))
Package epstopdf-base Info: Redefining graphics rule for `.eps' on input line 4
38.
Package grfext Info: Graphics extension search list:
(grfext)             [.png,.pdf,.jpg,.mps,.jpeg,.jbig2,.jb2,.PNG,.PDF,.JPG,.JPE
G,.JBIG2,.JB2,.eps]
(grfext)             \AppendGraphicsExtensions on input line 456.
)
\c@lstlisting=\count157
LaTeX Info: Redefining \celsius on input line 24.
Package gensymb Info: Faking symbols for \degree and \celsius on input line 24.



Package gensymb Warning: Not defining \perthousand.

LaTeX Info: Redefining \ohm on input line 24.
Package gensymb Info: Using \Omega for \ohm on input line 24.

Package gensymb Warning: Not defining \micro.

\AtBeginShipoutBox=\box53
("C:\Program Files\MiKTeX 2.9\tex\latex\oberdiek\pdflscape.sty"
Package: pdflscape 2016/05/14 v0.11 Display of landscape pages in PDF (HO)
Package pdflscape Info: Auto-detected driver: pdftex on input line 81.

("C:\Program Files\MiKTeX 2.9\tex\generic\ifxetex\ifxetex.sty"
Package: ifxetex 2010/09/12 v0.6 Provides ifxetex conditional
))
ABD: EveryShipout initializing macros [1

{C:/ProgramData/MiKTeX/2.9/pdftex/config/pdftex.map}] [1

] [2

] [3] [4] [5] [6] [7] [8] [9] [10] [11]
Overfull \hbox (2.99022pt too wide) in paragraph at lines 161--162
\OT1/cmr/m/n/10 We thank Tim-o-thy Cline for the use of his TMB script, and Drs
. Mark Scheuerell,
 []

[12

] (vlah_chapter2_draft.bbl
Missing character: There is no â in font cmr10!
Missing character: There is no € in font cmr10!
Missing character: There is no ” in font cmr10!
 [13

] [14]
Underfull \hbox (badness 1496) in paragraph at lines 183--188
\OT1/cmr/m/n/10 from: $\OT1/cmtt/m/n/10 https : / / www . nrcs . usda . gov / w
ps / portal / nrcs / detail / or / snow /
 []

[15]) [16] <figures/map/puget_sound_labeled.png, id=74, 614.295pt x 794.97pt>
File: figures/map/puget_sound_labeled.png Graphic file (type png)

<use figures/map/puget_sound_labeled.png>
Package pdftex.def Info: figures/map/puget_sound_labeled.png used on input line
 188.
(pdftex.def)             Requested size: 614.29349pt x 794.96806pt.
 [17

]
<figures/12_air_water_discharge.pdf, id=79, 505.89pt x 433.62pt>
File: figures/12_air_water_discharge.pdf Graphic file (type pdf)

<use figures/12_air_water_discharge.pdf>
Package pdftex.def Info: figures/12_air_water_discharge.pdf used on input line 
195.
(pdftex.def)             Requested size: 505.88875pt x 433.61894pt.
 [18 <./figures/map/puget_sound_labeled.png>]
Underfull \hbox (badness 10000) in paragraph at lines 200--203

 []

<figures/19_temp_simp_reg.pdf, id=85, 542.025pt x 361.35pt>
File: figures/19_temp_simp_reg.pdf Graphic file (type pdf)

<use figures/19_temp_simp_reg.pdf>
Package pdftex.def Info: figures/19_temp_simp_reg.pdf used on input line 209.
(pdftex.def)             Requested size: 542.02367pt x 361.34912pt.

<figures/18_PCoA.pdf, id=86, 361.35pt x 361.35pt>
File: figures/18_PCoA.pdf Graphic file (type pdf)
 <use figures/18_PCoA.pdf>
Package pdftex.def Info: figures/18_PCoA.pdf used on input line 211.
(pdftex.def)             Requested size: 361.34912pt x 361.34912pt.

[19 <./figures/12_air_water_discharge.pdf>] [20 <./figures/19_temp_simp_reg.pdf
>] <figures/15_disch_vs_air_focal5.pdf, id=114, 361.35pt x 461.725pt>
File: figures/15_disch_vs_air_focal5.pdf Graphic file (type pdf)

<use figures/15_disch_vs_air_focal5.pdf>
Package pdftex.def Info: figures/15_disch_vs_air_focal5.pdf used on input line 
216.
(pdftex.def)             Requested size: 361.34912pt x 461.72388pt.
 [21 <./figures/18_PCoA.pdf>]
Underfull \hbox (badness 10000) in paragraph at lines 218--220

 []

[22 <./figures/15_disch_vs_air_focal5.pdf>]
<figures/diagnostic_plots/01_trends.pdf, id=141, 505.89pt x 361.35pt>
File: figures/diagnostic_plots/01_trends.pdf Graphic file (type pdf)

<use figures/diagnostic_plots/01_trends.pdf>
Package pdftex.def Info: figures/diagnostic_plots/01_trends.pdf used on input l
ine 227.
(pdftex.def)             Requested size: 505.88875pt x 361.34912pt.

<figures/diagnostic_plots/02_loadings.pdf, id=142, 505.89pt x 289.08pt>
File: figures/diagnostic_plots/02_loadings.pdf Graphic file (type pdf)

<use figures/diagnostic_plots/02_loadings.pdf>
Package pdftex.def Info: figures/diagnostic_plots/02_loadings.pdf used on input
 line 232.
(pdftex.def)             Requested size: 505.88875pt x 289.07928pt.
 [23 <./figures/diagnostic_plots/01_trends.pdf>]
<figures/diagnostic_plots/03_fits.pdf, id=151, 505.89pt x 505.89pt>
File: figures/diagnostic_plots/03_fits.pdf Graphic file (type pdf)

<use figures/diagnostic_plots/03_fits.pdf>
Package pdftex.def Info: figures/diagnostic_plots/03_fits.pdf used on input lin
e 238.
(pdftex.def)             Requested size: 505.88875pt x 505.88875pt.
File: figures/diagnostic_plots/03_fits.pdf Graphic file (type pdf)

<use figures/diagnostic_plots/03_fits.pdf>
Package pdftex.def Info: figures/diagnostic_plots/03_fits.pdf used on input lin
e 238.
(pdftex.def)             Requested size: 505.88875pt x 505.88875pt.

<figures/diagnostic_plots/03_fits.pdf, id=154, page=1, 505.89pt x 505.89pt>
File: figures/diagnostic_plots/03_fits.pdf Graphic file (type pdf)

<use figures/diagnostic_plots/03_fits.pdf, page 1>
Package pdftex.def Info: figures/diagnostic_plots/03_fits.pdf, page1 used on in
put line 238.
(pdftex.def)             Requested size: 505.88875pt x 505.88875pt.
File: figures/diagnostic_plots/03_fits.pdf Graphic file (type pdf)

<use figures/diagnostic_plots/03_fits.pdf, page 1>
Package pdftex.def Info: figures/diagnostic_plots/03_fits.pdf, page1 used on in
put line 238.
(pdftex.def)             Requested size: 379.41655pt x 379.41655pt.
 [24 <./figures/diagnostic_plots/02_loadings.pdf>]
File: figures/diagnostic_plots/03_fits.pdf Graphic file (type pdf)
 <use figures/diagnostic_plots/03_fits.pdf, page 1>
Package pdftex.def Info: figures/diagnostic_plots/03_fits.pdf, page1 used on in
put line 238.
(pdftex.def)             Requested size: 379.41655pt x 379.41655pt.
File: figures/diagnostic_plots/03_fits.pdf Graphic file (type pdf)

<use figures/diagnostic_plots/03_fits.pdf, page 1>
Package pdftex.def Info: figures/diagnostic_plots/03_fits.pdf, page1 used on in
put line 238.
(pdftex.def)             Requested size: 379.41655pt x 379.41655pt.
File: figures/diagnostic_plots/03_fits.pdf Graphic file (type pdf)

<use figures/diagnostic_plots/03_fits.pdf, page 1>
Package pdftex.def Info: figures/diagnostic_plots/03_fits.pdf, page1 used on in
put line 238.
(pdftex.def)             Requested size: 379.41655pt x 379.41655pt.
 [25 <./figures/diagnostic_plots/03_fits.pdf>]
<figures/diagnostic_plots/03_fits.pdf, id=174, page=2, 505.89pt x 505.89pt>
File: figures/diagnostic_plots/03_fits.pdf Graphic file (type pdf)

<use figures/diagnostic_plots/03_fits.pdf, page 2>
Package pdftex.def Info: figures/diagnostic_plots/03_fits.pdf, page2 used on in
put line 238.
(pdftex.def)             Requested size: 379.41655pt x 379.41655pt.
File: figures/diagnostic_plots/03_fits.pdf Graphic file (type pdf)

<use figures/diagnostic_plots/03_fits.pdf, page 2>
Package pdftex.def Info: figures/diagnostic_plots/03_fits.pdf, page2 used on in
put line 238.
(pdftex.def)             Requested size: 379.41655pt x 379.41655pt.
File: figures/diagnostic_plots/03_fits.pdf Graphic file (type pdf)

<use figures/diagnostic_plots/03_fits.pdf, page 2>
Package pdftex.def Info: figures/diagnostic_plots/03_fits.pdf, page2 used on in
put line 238.
(pdftex.def)             Requested size: 379.41655pt x 379.41655pt.
 [26 <./figures/diagnostic_plots/03_fits.pdf>]
<figures/diagnostic_plots/03_fits.pdf, id=178, page=3, 505.89pt x 505.89pt>
File: figures/diagnostic_plots/03_fits.pdf Graphic file (type pdf)

<use figures/diagnostic_plots/03_fits.pdf, page 3>
Package pdftex.def Info: figures/diagnostic_plots/03_fits.pdf, page3 used on in
put line 238.
(pdftex.def)             Requested size: 379.41655pt x 379.41655pt.
File: figures/diagnostic_plots/03_fits.pdf Graphic file (type pdf)

<use figures/diagnostic_plots/03_fits.pdf, page 3>
Package pdftex.def Info: figures/diagnostic_plots/03_fits.pdf, page3 used on in
put line 238.
(pdftex.def)             Requested size: 379.41655pt x 379.41655pt.
File: figures/diagnostic_plots/03_fits.pdf Graphic file (type pdf)

<use figures/diagnostic_plots/03_fits.pdf, page 3>
Package pdftex.def Info: figures/diagnostic_plots/03_fits.pdf, page3 used on in
put line 238.
(pdftex.def)             Requested size: 379.41655pt x 379.41655pt.
 [27 <./figures/diagnostic_plots/03_fits.pdf>]
<figures/diagnostic_plots/04_residuals.pdf, id=182, 505.89pt x 505.89pt>
File: figures/diagnostic_plots/04_residuals.pdf Graphic file (type pdf)

<use figures/diagnostic_plots/04_residuals.pdf>
Package pdftex.def Info: figures/diagnostic_plots/04_residuals.pdf used on inpu
t line 244.
(pdftex.def)             Requested size: 505.88875pt x 505.88875pt.
File: figures/diagnostic_plots/04_residuals.pdf Graphic file (type pdf)

<use figures/diagnostic_plots/04_residuals.pdf>
Package pdftex.def Info: figures/diagnostic_plots/04_residuals.pdf used on inpu
t line 244.
(pdftex.def)             Requested size: 505.88875pt x 505.88875pt.

<figures/diagnostic_plots/04_residuals.pdf, id=185, page=1, 505.89pt x 505.89pt
>
File: figures/diagnostic_plots/04_residuals.pdf Graphic file (type pdf)
 <use figures/diagnostic_plots/04_residuals.pdf, page 1>
Package pdftex.def Info: figures/diagnostic_plots/04_residuals.pdf, page1 used 
on input line 244.
(pdftex.def)             Requested size: 505.88875pt x 505.88875pt.
File: figures/diagnostic_plots/04_residuals.pdf Graphic file (type pdf)

<use figures/diagnostic_plots/04_residuals.pdf, page 1>
Package pdftex.def Info: figures/diagnostic_plots/04_residuals.pdf, page1 used 
on input line 244.
(pdftex.def)             Requested size: 379.41655pt x 379.41655pt.
 [28]
File: figures/diagnostic_plots/04_residuals.pdf Graphic file (type pdf)

<use figures/diagnostic_plots/04_residuals.pdf, page 1>
Package pdftex.def Info: figures/diagnostic_plots/04_residuals.pdf, page1 used 
on input line 244.
(pdftex.def)             Requested size: 379.41655pt x 379.41655pt.
File: figures/diagnostic_plots/04_residuals.pdf Graphic file (type pdf)

<use figures/diagnostic_plots/04_residuals.pdf, page 1>
Package pdftex.def Info: figures/diagnostic_plots/04_residuals.pdf, page1 used 
on input line 244.
(pdftex.def)             Requested size: 379.41655pt x 379.41655pt.
File: figures/diagnostic_plots/04_residuals.pdf Graphic file (type pdf)

<use figures/diagnostic_plots/04_residuals.pdf, page 1>
Package pdftex.def Info: figures/diagnostic_plots/04_residuals.pdf, page1 used 
on input line 244.
(pdftex.def)             Requested size: 379.41655pt x 379.41655pt.
 [29 <./figures/diagnostic_plots/04_residuals.pdf>]
<figures/diagnostic_plots/04_residuals.pdf, id=198, page=2, 505.89pt x 505.89pt
>
File: figures/diagnostic_plots/04_residuals.pdf Graphic file (type pdf)
 <use figures/diagnostic_plots/04_residuals.pdf, page 2>
Package pdftex.def Info: figures/diagnostic_plots/04_residuals.pdf, page2 used 
on input line 244.
(pdftex.def)             Requested size: 379.41655pt x 379.41655pt.
File: figures/diagnostic_plots/04_residuals.pdf Graphic file (type pdf)

<use figures/diagnostic_plots/04_residuals.pdf, page 2>
Package pdftex.def Info: figures/diagnostic_plots/04_residuals.pdf, page2 used 
on input line 244.
(pdftex.def)             Requested size: 379.41655pt x 379.41655pt.
File: figures/diagnostic_plots/04_residuals.pdf Graphic file (type pdf)

<use figures/diagnostic_plots/04_residuals.pdf, page 2>
Package pdftex.def Info: figures/diagnostic_plots/04_residuals.pdf, page2 used 
on input line 244.
(pdftex.def)             Requested size: 379.41655pt x 379.41655pt.
 [30 <./figures/diagnostic_plots/04_residuals.pdf>]
<figures/diagnostic_plots/04_residuals.pdf, id=203, page=3, 505.89pt x 505.89pt
>
File: figures/diagnostic_plots/04_residuals.pdf Graphic file (type pdf)
 <use figures/diagnostic_plots/04_residuals.pdf, page 3>
Package pdftex.def Info: figures/diagnostic_plots/04_residuals.pdf, page3 used 
on input line 244.
(pdftex.def)             Requested size: 379.41655pt x 379.41655pt.
File: figures/diagnostic_plots/04_residuals.pdf Graphic file (type pdf)

<use figures/diagnostic_plots/04_residuals.pdf, page 3>
Package pdftex.def Info: figures/diagnostic_plots/04_residuals.pdf, page3 used 
on input line 244.
(pdftex.def)             Requested size: 379.41655pt x 379.41655pt.
File: figures/diagnostic_plots/04_residuals.pdf Graphic file (type pdf)

<use figures/diagnostic_plots/04_residuals.pdf, page 3>
Package pdftex.def Info: figures/diagnostic_plots/04_residuals.pdf, page3 used 
on input line 244.
(pdftex.def)             Requested size: 379.41655pt x 379.41655pt.
 [31 <./figures/diagnostic_plots/04_residuals.pdf>]
<figures/diagnostic_plots/05_acf.pdf, id=207, 505.89pt x 505.89pt>
File: figures/diagnostic_plots/05_acf.pdf Graphic file (type pdf)

<use figures/diagnostic_plots/05_acf.pdf>
Package pdftex.def Info: figures/diagnostic_plots/05_acf.pdf used on input line
 250.
(pdftex.def)             Requested size: 505.88875pt x 505.88875pt.
File: figures/diagnostic_plots/05_acf.pdf Graphic file (type pdf)

<use figures/diagnostic_plots/05_acf.pdf>
Package pdftex.def Info: figures/diagnostic_plots/05_acf.pdf used on input line
 250.
(pdftex.def)             Requested size: 505.88875pt x 505.88875pt.

<figures/diagnostic_plots/05_acf.pdf, id=210, page=1, 505.89pt x 505.89pt>
File: figures/diagnostic_plots/05_acf.pdf Graphic file (type pdf)

<use figures/diagnostic_plots/05_acf.pdf, page 1>
Package pdftex.def Info: figures/diagnostic_plots/05_acf.pdf, page1 used on inp
ut line 250.
(pdftex.def)             Requested size: 505.88875pt x 505.88875pt.
File: figures/diagnostic_plots/05_acf.pdf Graphic file (type pdf)

<use figures/diagnostic_plots/05_acf.pdf, page 1>
Package pdftex.def Info: figures/diagnostic_plots/05_acf.pdf, page1 used on inp
ut line 250.
(pdftex.def)             Requested size: 379.41655pt x 379.41655pt.
 [32]
File: figures/diagnostic_plots/05_acf.pdf Graphic file (type pdf)

<use figures/diagnostic_plots/05_acf.pdf, page 1>
Package pdftex.def Info: figures/diagnostic_plots/05_acf.pdf, page1 used on inp
ut line 250.
(pdftex.def)             Requested size: 379.41655pt x 379.41655pt.
File: figures/diagnostic_plots/05_acf.pdf Graphic file (type pdf)

<use figures/diagnostic_plots/05_acf.pdf, page 1>
Package pdftex.def Info: figures/diagnostic_plots/05_acf.pdf, page1 used on inp
ut line 250.
(pdftex.def)             Requested size: 379.41655pt x 379.41655pt.
File: figures/diagnostic_plots/05_acf.pdf Graphic file (type pdf)

<use figures/diagnostic_plots/05_acf.pdf, page 1>
Package pdftex.def Info: figures/diagnostic_plots/05_acf.pdf, page1 used on inp
ut line 250.
(pdftex.def)             Requested size: 379.41655pt x 379.41655pt.
 [33 <./figures/diagnostic_plots/05_acf.pdf>]
<figures/diagnostic_plots/05_acf.pdf, id=223, page=2, 505.89pt x 505.89pt>
File: figures/diagnostic_plots/05_acf.pdf Graphic file (type pdf)

<use figures/diagnostic_plots/05_acf.pdf, page 2>
Package pdftex.def Info: figures/diagnostic_plots/05_acf.pdf, page2 used on inp
ut line 250.
(pdftex.def)             Requested size: 379.41655pt x 379.41655pt.
File: figures/diagnostic_plots/05_acf.pdf Graphic file (type pdf)

<use figures/diagnostic_plots/05_acf.pdf, page 2>
Package pdftex.def Info: figures/diagnostic_plots/05_acf.pdf, page2 used on inp
ut line 250.
(pdftex.def)             Requested size: 379.41655pt x 379.41655pt.
File: figures/diagnostic_plots/05_acf.pdf Graphic file (type pdf)

<use figures/diagnostic_plots/05_acf.pdf, page 2>
Package pdftex.def Info: figures/diagnostic_plots/05_acf.pdf, page2 used on inp
ut line 250.
(pdftex.def)             Requested size: 379.41655pt x 379.41655pt.
 [34 <./figures/diagnostic_plots/05_acf.pdf>]
<figures/diagnostic_plots/05_acf.pdf, id=227, page=3, 505.89pt x 505.89pt>
File: figures/diagnostic_plots/05_acf.pdf Graphic file (type pdf)

<use figures/diagnostic_plots/05_acf.pdf, page 3>
Package pdftex.def Info: figures/diagnostic_plots/05_acf.pdf, page3 used on inp
ut line 250.
(pdftex.def)             Requested size: 379.41655pt x 379.41655pt.
File: figures/diagnostic_plots/05_acf.pdf Graphic file (type pdf)

<use figures/diagnostic_plots/05_acf.pdf, page 3>
Package pdftex.def Info: figures/diagnostic_plots/05_acf.pdf, page3 used on inp
ut line 250.
(pdftex.def)             Requested size: 379.41655pt x 379.41655pt.
File: figures/diagnostic_plots/05_acf.pdf Graphic file (type pdf)

<use figures/diagnostic_plots/05_acf.pdf, page 3>
Package pdftex.def Info: figures/diagnostic_plots/05_acf.pdf, page3 used on inp
ut line 250.
(pdftex.def)             Requested size: 379.41655pt x 379.41655pt.
 [35 <./figures/diagnostic_plots/05_acf.pdf>]
<figures/diagnostic_plots/01_trends_simp.pdf, id=231, 505.89pt x 361.35pt>
File: figures/diagnostic_plots/01_trends_simp.pdf Graphic file (type pdf)

<use figures/diagnostic_plots/01_trends_simp.pdf>
Package pdftex.def Info: figures/diagnostic_plots/01_trends_simp.pdf used on in
put line 255.
(pdftex.def)             Requested size: 505.88875pt x 361.34912pt.

<figures/diagnostic_plots/02_loadings_simp.pdf, id=232, 505.89pt x 289.08pt>
File: figures/diagnostic_plots/02_loadings_simp.pdf Graphic file (type pdf)

<use figures/diagnostic_plots/02_loadings_simp.pdf>
Package pdftex.def Info: figures/diagnostic_plots/02_loadings_simp.pdf used on 
input line 260.
(pdftex.def)             Requested size: 505.88875pt x 289.07928pt.
 [36 <./figures/diagnostic_plots/01_trends_simp.pdf> <./figures/diagnostic_plot
s/02_loadings_simp.pdf>]
<figures/05a_temp_effSize_byMonth_acrossTime_may-aug.pdf, id=247, 1011.78pt x 6
50.43pt>
File: figures/05a_temp_effSize_byMonth_acrossTime_may-aug.pdf Graphic file (typ
e pdf)
 <use figures/05a_temp_effSize_byMonth_acrossTime_may-aug.pdf>
Package pdftex.def Info: figures/05a_temp_effSize_byMonth_acrossTime_may-aug.pd
f used on input line 275.
(pdftex.def)             Requested size: 1011.77753pt x 650.4284pt.

Overfull \hbox (6.13026pt too wide) in paragraph at lines 277--278
\OT1/cmr/m/n/10 in-di-vid-ual site. Y-label col-ors rep-re-sent mean wa-ter-she
d el-e-va-tion (bluer=higher). 
 []


<figures/05b_temp_effSize_byMonth_acrossTime_nov-feb.pdf, id=248, 1011.78pt x 6
50.43pt>
File: figures/05b_temp_effSize_byMonth_acrossTime_nov-feb.pdf Graphic file (typ
e pdf)
 <use figures/05b_temp_effSize_byMonth_acrossTime_nov-feb.pdf>
Package pdftex.def Info: figures/05b_temp_effSize_byMonth_acrossTime_nov-feb.pd
f used on input line 280.
(pdftex.def)             Requested size: 1011.77753pt x 650.4284pt.
 [37

 <./figures/05a_temp_effSize_byMonth_acrossTime_may-aug.pdf>]
Overfull \hbox (6.13026pt too wide) in paragraph at lines 282--283
\OT1/cmr/m/n/10 in-di-vid-ual site. Y-label col-ors rep-re-sent mean wa-ter-she
d el-e-va-tion (bluer=higher). 
 []


<figures/05c_temp_effSize_byMonth_acrossTime_MASO.pdf, id=259, 1011.78pt x 650.
43pt>
File: figures/05c_temp_effSize_byMonth_acrossTime_MASO.pdf Graphic file (type p
df)
 <use figures/05c_temp_effSize_byMonth_acrossTime_MASO.pdf>
Package pdftex.def Info: figures/05c_temp_effSize_byMonth_acrossTime_MASO.pdf u
sed on input line 285.
(pdftex.def)             Requested size: 1011.77753pt x 650.4284pt.

Overfull \hbox (6.13026pt too wide) in paragraph at lines 287--288
\OT1/cmr/m/n/10 in-di-vid-ual site. Y-label col-ors rep-re-sent mean wa-ter-she
d el-e-va-tion (bluer=higher). 
 []

[38 <./figures/05b_temp_effSize_byMonth_acrossTime_nov-feb.pdf> <./figures/05c_
temp_effSize_byMonth_acrossTime_MASO.pdf>] [39]
Overfull \hbox (93.40402pt too wide) in alignment at lines 293--293
 [] [] [] [] [] [] [] [] [] [] [] 
 []


Overfull \hbox (93.40402pt too wide) in alignment at lines 293--293
 [] [] [] [] [] [] [] [] [] [] [] 
 []


Overfull \hbox (93.40402pt too wide) in alignment at lines 293--293
 [] [] [] [] [] [] [] [] [] [] [] 
 []


Overfull \hbox (93.40402pt too wide) in alignment at lines 293--293
 [] [] [] [] [] [] [] [] [] [] [] 
 []

[40

]
Overfull \hbox (111.19565pt too wide) in alignment at lines 295--295
 [] [] [] [] [] [] [] [] [] [] [] [] 
 []


Overfull \hbox (111.19565pt too wide) in alignment at lines 295--295
 [] [] [] [] [] [] [] [] [] [] [] [] 
 []


Overfull \hbox (111.19565pt too wide) in alignment at lines 295--295
 [] [] [] [] [] [] [] [] [] [] [] [] 
 []


Overfull \hbox (111.19565pt too wide) in alignment at lines 295--295
 [] [] [] [] [] [] [] [] [] [] [] [] 
 []

[41

] (vlah_chapter2_draft.aux) ) 
Here is how much of TeX's memory you used:
 16163 strings out of 493329
 307704 string characters out of 3139067
 375640 words of memory out of 3000000
 19348 multiletter control sequences out of 15000+200000
 14916 words of font info for 53 fonts, out of 3000000 for 9000
 1141 hyphenation exceptions out of 8191
 55i,19n,54p,1939b,512s stack positions out of 5000i,500n,10000p,200000b,50000s
<C:/Program Files/MiKTeX 2.9/fonts/type1/public/am
sfonts/cm/cmbx10.pfb><C:/Program Files/MiKTeX 2.9/fonts/type1/public/amsfonts/c
m/cmbx12.pfb><C:/Program Files/MiKTeX 2.9/fonts/type1/public/amsfonts/cm/cmex10
.pfb><C:/Program Files/MiKTeX 2.9/fonts/type1/public/amsfonts/cm/cmitt10.pfb><C
:/Program Files/MiKTeX 2.9/fonts/type1/public/amsfonts/cm/cmmi10.pfb><C:/Progra
m Files/MiKTeX 2.9/fonts/type1/public/amsfonts/cm/cmmi7.pfb><C:/Program Files/M
iKTeX 2.9/fonts/type1/public/amsfonts/cm/cmmib10.pfb><C:/Program Files/MiKTeX 2
.9/fonts/type1/public/amsfonts/cm/cmr10.pfb><C:/Program Files/MiKTeX 2.9/fonts/
type1/public/amsfonts/cm/cmr12.pfb><C:/Program Files/MiKTeX 2.9/fonts/type1/pub
lic/amsfonts/cm/cmr17.pfb><C:/Program Files/MiKTeX 2.9/fonts/type1/public/amsfo
nts/cm/cmr7.pfb><C:/Program Files/MiKTeX 2.9/fonts/type1/public/amsfonts/cm/cms
s8.pfb><C:/Program Files/MiKTeX 2.9/fonts/type1/public/amsfonts/cm/cmsy10.pfb><
C:/Program Files/MiKTeX 2.9/fonts/type1/public/amsfonts/cm/cmsy7.pfb><C:/Progra
m Files/MiKTeX 2.9/fonts/type1/public/amsfonts/cm/cmti10.pfb><C:/Program Files/
MiKTeX 2.9/fonts/type1/public/amsfonts/cm/cmtt10.pfb>
Output written on vlah_chapter2_draft.pdf (42 pages, 1046061 bytes).
PDF statistics:
 338 PDF objects out of 1000 (max. 8388607)
 0 named destinations out of 1000 (max. 500000)
 163 words of extra memory for PDF output out of 10000 (max. 10000000)

